[debug] [2019-04-22T21:46:02.828Z] ----------------------------------------------------------------------
[debug] [2019-04-22T21:46:02.830Z] Command:       C:\Program Files\nodejs\node.exe C:\Users\zalexander\AppData\Roaming\npm\node_modules\firebase-tools\lib\bin\firebase.js deploy
[debug] [2019-04-22T21:46:02.830Z] CLI Version:   6.3.0
[debug] [2019-04-22T21:46:02.830Z] Platform:      win32
[debug] [2019-04-22T21:46:02.830Z] Node Version:  v8.12.0
[debug] [2019-04-22T21:46:02.831Z] Time:          Mon Apr 22 2019 17:46:02 GMT-0400 (Eastern Daylight Time)
[debug] [2019-04-22T21:46:02.831Z] ----------------------------------------------------------------------
[debug] 
[debug] [2019-04-22T21:46:02.847Z] > command requires scopes: ["email","openid","https://www.googleapis.com/auth/cloudplatformprojects.readonly","https://www.googleapis.com/auth/firebase","https://www.googleapis.com/auth/cloud-platform"]
[debug] [2019-04-22T21:46:02.848Z] > authorizing via signed-in user
[debug] [2019-04-22T21:46:02.848Z] [iam] checking project zachs-portfolio for permissions ["cloudfunctions.functions.create","cloudfunctions.functions.delete","cloudfunctions.functions.get","cloudfunctions.functions.list","cloudfunctions.functions.update","cloudfunctions.operations.get","datastore.indexes.create","datastore.indexes.delete","datastore.indexes.list","datastore.indexes.update","firebase.projects.get","firebasedatabase.instances.update","firebasehosting.sites.update","firebaserules.releases.create","firebaserules.releases.update","firebaserules.rulesets.create"]
[debug] [2019-04-22T21:46:02.849Z] > refreshing access token with scopes: ["email","https://www.googleapis.com/auth/cloud-platform","https://www.googleapis.com/auth/cloudplatformprojects.readonly","https://www.googleapis.com/auth/firebase","openid"]
[debug] [2019-04-22T21:46:02.850Z] >>> HTTP REQUEST POST https://www.googleapis.com/oauth2/v3/token  
 <request body omitted>
[debug] [2019-04-22T21:46:02.978Z] <<< HTTP RESPONSE 200
[debug] [2019-04-22T21:46:02.989Z] >>> HTTP REQUEST POST https://cloudresourcemanager.googleapis.com/v1/projects/zachs-portfolio:testIamPermissions  

[debug] [2019-04-22T21:46:03.261Z] <<< HTTP RESPONSE 200
[debug] [2019-04-22T21:46:03.264Z] >>> HTTP REQUEST GET https://firebase.googleapis.com/v1beta1/projects/zachs-portfolio  
 
[debug] [2019-04-22T21:46:03.647Z] <<< HTTP RESPONSE 200
[info] 
[info] === Deploying to 'zachs-portfolio'...
[info] 
[info] i  deploying database, storage, firestore, functions, hosting
[info] +  functions: Finished running predeploy script.
[info] i  database: checking rules syntax...
[debug] [2019-04-22T21:46:06.167Z] >>> HTTP REQUEST PUT https://zachs-portfolio.firebaseio.com/.settings/rules.json?dryRun=true  
 {
  "rules": {
    ".read": "auth != null",
    ".write": "auth != null"
  }
}
[debug] [2019-04-22T21:46:06.280Z] Error: write EPROTO 101057795:error:140770FC:SSL routines:SSL23_GET_SERVER_HELLO:unknown protocol:openssl\ssl\s23_clnt.c:827:

    at WriteWrap.afterWrite [as oncomplete] (net.js:868:14)
[error] 
[error] Error: Server Error. write EPROTO 101057795:error:140770FC:SSL routines:SSL23_GET_SERVER_HELLO:unknown protocol:openssl\ssl\s23_clnt.c:827:

